2025-04-06 14:49:28,458 - led_client - INFO - Initializing LED Wall Client...
2025-04-06 14:49:28,463 - led_client.ui - INFO - Running on Raspberry Pi with X11, hotkeys not automatically configured
2025-04-06 14:49:28,465 - led_client - INFO - Starting LED Wall Client
2025-04-06 14:49:29,199 - led_client.network - INFO - Successfully registered with server. Client ID: e835a4ea-7a4c-46ad-92c1-fd03c6150a29
2025-04-06 14:49:30,453 - led_client.network - INFO - Attempting to reconnect to server...
2025-04-06 14:49:30,454 - led_client.network - ERROR - Failed to reconnect: Client is not in a disconnected state
2025-04-06 14:49:30,468 - led_client.network - INFO - Started polling for server updates
2025-04-06 14:49:30,520 - led_client.network - INFO - Connected to server
2025-04-06 14:49:30,538 - led_client.network - INFO - Socket registration successful: {'client_id': 'e835a4ea-7a4c-46ad-92c1-fd03c6150a29'}
2025-04-06 14:50:01,612 - led_client.network - INFO - New content assigned via WebSocket: 3f2f3955-47ae-49af-8b74-d1f2952ddb70
2025-04-06 14:50:01,678 - led_client.network - INFO - Downloading content: planet
2025-04-06 14:50:03,527 - led_client.network - INFO - Downloaded content to downloads/a3d958cf-f17d-46b4-b2c6-df1506984a1f.mp4
2025-04-06 14:50:03,529 - led_client - INFO - Content update received: 3f2f3955-47ae-49af-8b74-d1f2952ddb70
2025-04-06 14:50:03,531 - led_client.player - INFO - Starting player with command: ffplay -x 180 -y 180 -alwaysontop -noborder -loop 0 -window_title LEDWallPlayer -left 0 -top 0 -vf scale=180:180:force_original_aspect_ratio=disable downloads/a3d958cf-f17d-46b4-b2c6-df1506984a1f.mp4
2025-04-06 15:22:41,805 - led_client.network - INFO - Disconnected from server
2025-04-06 15:22:41,819 - led_client.network - INFO - Started polling for server updates
2025-04-06 15:22:41,847 - led_client - INFO - Received signal 2, shutting down...
2025-04-06 15:22:41,850 - led_client - INFO - Cleaning up resources...
2025-04-06 15:22:41,851 - led_client.player - INFO - Stopping current player...
2025-04-06 15:22:41,960 - led_client.network - INFO - New content detected via polling: 3f2f3955-47ae-49af-8b74-d1f2952ddb70
2025-04-06 15:22:42,086 - led_client - INFO - Cleanup complete
2025-04-06 15:22:42,094 - led_client - INFO - Cleaning up resources...
2025-04-06 15:22:42,095 - led_client.network - INFO - Content file already exists: downloads/a3d958cf-f17d-46b4-b2c6-df1506984a1f.mp4
2025-04-06 15:22:42,097 - led_client - INFO - Cleanup complete
2025-04-06 15:22:42,099 - led_client - INFO - Content update received: 3f2f3955-47ae-49af-8b74-d1f2952ddb70
2025-09-12 20:23:16,432 - led_client - INFO - Initializing LED Wall Client...
2025-09-12 20:23:16,439 - led_client.ui - INFO - Running on Raspberry Pi with X11, hotkeys not automatically configured
2025-09-12 20:23:16,441 - led_client - INFO - Starting LED Wall Client
2025-09-12 20:23:16,479 - led_client.network - ERROR - Error during registration: HTTPConnectionPool(host='localhost', port=5000): Max retries exceeded with url: /api/register (Caused by NewConnectionError('<urllib3.connection.HTTPConnection object at 0x75e0e6e8>: Failed to establish a new connection: [Errno 111] Connection refused'))
2025-09-12 20:23:16,481 - led_client - ERROR - Failed to register with server. Exiting.
2025-09-12 20:38:57,453 - led_client - INFO - Initializing LED Wall Client...
2025-09-12 20:38:57,462 - led_client.ui - INFO - Running on Raspberry Pi with X11, hotkeys not automatically configured
2025-09-12 20:38:57,465 - led_client - INFO - Starting LED Wall Client
2025-09-12 20:38:57,499 - led_client.network - ERROR - Error during registration: HTTPConnectionPool(host='localhost', port=5000): Max retries exceeded with url: /api/register (Caused by NewConnectionError('<urllib3.connection.HTTPConnection object at 0x75e5c700>: Failed to establish a new connection: [Errno 111] Connection refused'))
2025-09-12 20:38:57,500 - led_client - ERROR - Failed to register with server. Exiting.
2025-09-12 20:40:02,841 - led_client - INFO - Initializing LED Wall Client...
2025-09-12 20:40:02,867 - led_client.ui - INFO - Running on Raspberry Pi with X11, hotkeys not automatically configured
2025-09-12 20:40:02,869 - led_client - INFO - Starting LED Wall Client
2025-09-12 20:40:02,883 - led_client.network - ERROR - Error during registration: No connection adapters were found for '192.168.0.141:3000/api/register'
2025-09-12 20:40:02,884 - led_client - ERROR - Failed to register with server. Exiting.
2025-09-12 20:42:13,177 - led_client - INFO - Initializing LED Wall Client...
2025-09-12 20:42:13,183 - led_client.ui - INFO - Running on Raspberry Pi with X11, hotkeys not automatically configured
2025-09-12 20:42:13,186 - led_client - INFO - Starting LED Wall Client
2025-09-12 20:42:13,198 - led_client.network - ERROR - Error during registration: No connection adapters were found for '192.168.0.141:3000/api/register'
2025-09-12 20:42:13,200 - led_client - ERROR - Failed to register with server. Exiting.
2025-09-12 20:42:54,999 - led_client - INFO - Initializing LED Wall Client...
2025-09-12 20:42:55,005 - led_client.ui - INFO - Running on Raspberry Pi with X11, hotkeys not automatically configured
2025-09-12 20:42:55,007 - led_client - INFO - Starting LED Wall Client
2025-09-12 20:42:55,020 - led_client.network - ERROR - Error during registration: No connection adapters were found for '192.168.0.141:3000/api/register'
2025-09-12 20:42:55,021 - led_client - ERROR - Failed to register with server. Exiting.
2025-09-12 20:48:05,001 - led_client - INFO - Initializing LED Wall Client...
2025-09-12 20:48:05,007 - led_client.ui - INFO - Running on Raspberry Pi with X11, hotkeys not automatically configured
2025-09-12 20:48:05,009 - led_client - INFO - Starting LED Wall Client
2025-09-12 20:48:05,056 - led_client.network - ERROR - Failed to register with server: {"error":"client_id is required"}
2025-09-12 20:48:05,076 - led_client - ERROR - Failed to register with server. Exiting.
2025-09-12 20:49:54,137 - led_client - INFO - Initializing LED Wall Client...
2025-09-12 20:49:54,143 - led_client.ui - INFO - Running on Raspberry Pi with X11, hotkeys not automatically configured
2025-09-12 20:49:54,146 - led_client - INFO - Starting LED Wall Client
2025-09-12 20:49:54,200 - led_client.network - ERROR - Failed to register with server: {"error":"client_id is required"}
2025-09-12 20:49:54,202 - led_client - ERROR - Failed to register with server. Exiting.
2025-09-12 20:50:59,921 - led_client - INFO - Initializing LED Wall Client...
2025-09-12 20:50:59,926 - led_client.ui - INFO - Running on Raspberry Pi with X11, hotkeys not automatically configured
2025-09-12 20:50:59,929 - led_client - INFO - Starting LED Wall Client
2025-09-12 20:50:59,997 - led_client.network - INFO - Successfully registered with server. Client ID: edgrpi
2025-09-12 20:51:01,551 - led_client.network - INFO - Attempting to reconnect to server...
2025-09-12 20:51:01,554 - led_client.network - ERROR - Failed to reconnect: Client is not in a disconnected state
2025-09-12 20:51:01,557 - led_client.network - INFO - Connected to server
2025-09-12 20:51:01,565 - led_client.network - INFO - Started polling for server updates
2025-09-12 20:53:32,776 - led_client.network - INFO - Disconnected from server
2025-09-12 20:53:32,779 - led_client.network - INFO - Started polling for server updates
2025-09-12 20:53:33,727 - led_client.network - INFO - Attempting to reconnect to server...
2025-09-12 20:53:38,676 - led_client.network - ERROR - Connection error: Connection refused by the server
2025-09-12 20:53:38,754 - led_client.network - ERROR - Connection error: Connection refused by the server
2025-09-12 20:53:38,756 - led_client.network - ERROR - Failed to reconnect: Connection refused by the server
2025-09-12 20:53:39,758 - led_client.network - INFO - Attempting to reconnect to server...
2025-09-12 20:53:44,784 - led_client.network - ERROR - Connection error: Connection refused by the server
2025-09-12 20:53:44,785 - led_client.network - ERROR - Failed to reconnect: Connection refused by the server
2025-09-12 20:53:45,423 - led_client.network - ERROR - Connection error: Connection refused by the server
2025-09-12 20:53:45,787 - led_client.network - INFO - Attempting to reconnect to server...
2025-09-12 20:53:50,813 - led_client.network - ERROR - Connection error: Connection refused by the server
2025-09-12 20:53:50,814 - led_client.network - ERROR - Failed to reconnect: Connection refused by the server
2025-09-12 20:53:51,817 - led_client.network - INFO - Attempting to reconnect to server...
2025-09-12 20:53:54,308 - led_client.network - ERROR - Connection error: Connection refused by the server
2025-09-12 20:53:56,847 - led_client.network - ERROR - Connection error: Connection refused by the server
2025-09-12 20:53:56,848 - led_client.network - ERROR - Failed to reconnect: Connection refused by the server
2025-09-12 20:53:57,850 - led_client.network - INFO - Attempting to reconnect to server...
2025-09-12 20:54:02,877 - led_client.network - ERROR - Connection error: Connection refused by the server
2025-09-12 20:54:02,878 - led_client.network - ERROR - Failed to reconnect: Connection refused by the server
2025-09-12 20:54:03,881 - led_client.network - INFO - Attempting to reconnect to server...
2025-09-12 20:54:03,984 - led_client.network - ERROR - Connection error: Connection refused by the server
2025-09-12 20:54:08,905 - led_client.network - ERROR - Connection error: Connection refused by the server
2025-09-12 20:54:08,906 - led_client.network - ERROR - Failed to reconnect: Connection refused by the server
2025-09-12 20:54:09,909 - led_client.network - INFO - Attempting to reconnect to server...
2025-09-12 20:54:13,559 - led_client.network - ERROR - Connection error: Connection refused by the server
2025-09-12 20:54:14,935 - led_client.network - ERROR - Connection error: Connection refused by the server
2025-09-12 20:54:14,936 - led_client.network - ERROR - Failed to reconnect: Connection refused by the server
2025-09-12 20:54:15,965 - led_client.network - INFO - Attempting to reconnect to server...
2025-09-12 20:54:20,990 - led_client.network - ERROR - Connection error: Connection refused by the server
2025-09-12 20:54:20,991 - led_client.network - ERROR - Failed to reconnect: Connection refused by the server
2025-09-12 20:54:21,994 - led_client.network - INFO - Attempting to reconnect to server...
2025-09-12 20:54:23,935 - led_client.network - ERROR - Connection error: Connection refused by the server
2025-09-12 20:54:27,015 - led_client.network - ERROR - Connection error: Connection refused by the server
2025-09-12 20:54:27,049 - led_client.network - ERROR - Failed to reconnect: Connection refused by the server
2025-09-12 20:54:28,051 - led_client.network - INFO - Attempting to reconnect to server...
2025-09-12 20:54:33,077 - led_client.network - ERROR - Connection error: Connection refused by the server
2025-09-12 20:54:33,078 - led_client.network - ERROR - Failed to reconnect: Connection refused by the server
2025-09-12 20:54:34,037 - led_client.network - ERROR - Connection error: Connection refused by the server
2025-09-12 20:54:34,080 - led_client.network - INFO - Attempting to reconnect to server...
2025-09-12 20:54:39,106 - led_client.network - ERROR - Connection error: Connection refused by the server
2025-09-12 20:54:39,107 - led_client.network - ERROR - Failed to reconnect: Connection refused by the server
2025-09-12 20:54:40,110 - led_client.network - INFO - Attempting to reconnect to server...
2025-09-12 20:54:44,206 - led_client.network - ERROR - Connection error: Connection refused by the server
2025-09-12 20:54:45,135 - led_client.network - ERROR - Connection error: Connection refused by the server
2025-09-12 20:54:45,137 - led_client.network - ERROR - Failed to reconnect: Connection refused by the server
2025-09-12 20:54:46,139 - led_client.network - INFO - Attempting to reconnect to server...
2025-09-12 20:54:51,167 - led_client.network - ERROR - Connection error: Connection refused by the server
2025-09-12 20:54:51,168 - led_client.network - ERROR - Failed to reconnect: Connection refused by the server
2025-09-12 20:54:51,929 - led_client.network - INFO - Connected to server
2025-09-12 20:58:26,101 - led_client - INFO - Initializing LED Wall Client...
2025-09-12 20:58:26,108 - led_client.ui - INFO - Running on Raspberry Pi with X11, hotkeys not automatically configured
2025-09-12 20:58:26,111 - led_client - INFO - Starting LED Wall Client
2025-09-12 20:58:26,162 - led_client.network - INFO - Successfully registered with server. Client ID: edgrpi
2025-09-12 20:58:27,456 - led_client.network - INFO - Attempting to reconnect to server...
2025-09-12 20:58:27,460 - led_client.network - INFO - Connected to server
2025-09-12 20:58:27,463 - led_client.network - ERROR - Failed to reconnect: Client is not in a disconnected state
2025-09-12 20:58:27,515 - led_client.network - INFO - Started polling for server updates
2025-09-12 20:58:27,557 - led_client.network - ERROR - Failed to get client info: 404
2025-09-12 20:58:57,616 - led_client.network - ERROR - Failed to get client info: 404
2025-09-12 20:59:14,507 - led_client.network - INFO - Disconnected from server
2025-09-12 20:59:14,521 - led_client - INFO - Received signal 2, shutting down...
2025-09-12 20:59:14,522 - led_client - INFO - Cleaning up resources...
2025-09-12 20:59:14,523 - led_client - INFO - Cleanup complete
2025-09-12 20:59:14,524 - led_client - INFO - Cleaning up resources...
2025-09-12 20:59:14,526 - led_client - INFO - Cleanup complete
2025-09-12 20:59:17,730 - led_client - INFO - Initializing LED Wall Client...
2025-09-12 20:59:17,736 - led_client.ui - INFO - Running on Raspberry Pi with X11, hotkeys not automatically configured
2025-09-12 20:59:17,739 - led_client - INFO - Starting LED Wall Client
2025-09-12 20:59:19,019 - led_client.network - INFO - Attempting to reconnect to server...
2025-09-12 20:59:19,023 - led_client.network - INFO - Connected to server
2025-09-12 20:59:19,024 - led_client.network - ERROR - Failed to reconnect: Client is not in a disconnected state
2025-09-12 20:59:19,035 - led_client.network - INFO - Started polling for server updates
2025-09-12 20:59:19,068 - led_client.network - ERROR - Failed to get client info: 404
2025-09-12 20:59:22,595 - led_client.network - INFO - Disconnected from server
2025-09-12 20:59:23,052 - led_client.network - INFO - Attempting to reconnect to server...
2025-09-12 20:59:26,249 - led_client.network - INFO - Connected to server
2025-09-12 21:04:04,505 - led_client - INFO - Received signal 2, shutting down...
2025-09-12 21:04:04,506 - led_client - INFO - Cleaning up resources...
2025-09-12 21:04:04,507 - led_client - INFO - Cleanup complete
2025-09-12 21:04:04,508 - led_client - INFO - Cleaning up resources...
2025-09-12 21:04:04,509 - led_client - INFO - Cleanup complete
2025-09-12 21:04:08,719 - led_client - INFO - Initializing LED Wall Client...
2025-09-12 21:04:08,727 - led_client.ui - INFO - Running on Raspberry Pi with X11, hotkeys not automatically configured
2025-09-12 21:04:08,730 - led_client - INFO - Starting LED Wall Client
2025-09-12 21:04:14,909 - led_client.network - ERROR - Connection error: Connection refused by the server
2025-09-12 21:04:14,912 - led_client.network - INFO - Started polling for server updates
2025-09-12 21:04:14,919 - led_client.network - ERROR - Failed to connect to server: Connection refused by the server
2025-09-12 21:04:14,930 - led_client - WARNING - Could not connect to server via WebSocket, falling back to polling
2025-09-12 21:04:14,934 - led_client.network - INFO - Attempting to reconnect to server...
2025-09-12 21:04:14,951 - led_client.network - ERROR - Failed to get client info: 404
2025-09-12 21:04:14,999 - led_client.network - INFO - Connected to server
2025-09-12 21:05:41,947 - led_client.network - INFO - Disconnected from server
2025-09-12 21:05:41,954 - led_client.network - INFO - Started polling for server updates
2025-09-12 21:05:41,975 - led_client - INFO - Received signal 2, shutting down...
2025-09-12 21:05:41,980 - led_client - INFO - Cleaning up resources...
2025-09-12 21:05:41,982 - led_client - INFO - Cleanup complete
2025-09-12 21:05:41,988 - led_client - INFO - Cleaning up resources...
2025-09-12 21:05:41,987 - led_client.network - ERROR - Failed to get client info: 404
2025-09-12 21:05:41,989 - led_client - INFO - Cleanup complete
2025-09-12 21:05:46,193 - led_client - INFO - Initializing LED Wall Client...
2025-09-12 21:05:46,199 - led_client.ui - INFO - Running on Raspberry Pi with X11, hotkeys not automatically configured
2025-09-12 21:05:46,201 - led_client - INFO - Starting LED Wall Client
2025-09-12 21:05:47,368 - led_client.network - INFO - Attempting to reconnect to server...
2025-09-12 21:05:47,371 - led_client.network - ERROR - Failed to reconnect: Client is not in a disconnected state
2025-09-12 21:05:47,372 - led_client.network - INFO - Connected to server
2025-09-12 21:05:47,381 - led_client.network - INFO - Started polling for server updates
2025-09-12 21:14:52,980 - led_client - INFO - Initializing LED Wall Client...
2025-09-12 21:14:52,985 - led_client.ui - INFO - Running on Raspberry Pi with X11, hotkeys not automatically configured
2025-09-12 21:14:52,987 - led_client - INFO - Starting LED Wall Client
2025-09-12 21:14:53,020 - led_client.network - ERROR - Failed to register with server: <!doctype html>
<html lang=en>
<title>404 Not Found</title>
<h1>Not Found</h1>
<p>The requested URL was not found on the server. If you entered the URL manually please check your spelling and try again.</p>

2025-09-12 21:14:53,022 - led_client - ERROR - Failed to register with server. Exiting.
2025-09-12 21:16:00,760 - led_client - INFO - Initializing LED Wall Client...
2025-09-12 21:16:00,766 - led_client.ui - INFO - Running on Raspberry Pi with X11, hotkeys not automatically configured
2025-09-12 21:16:00,767 - led_client - INFO - Starting LED Wall Client
2025-09-12 21:16:00,804 - led_client.network - INFO - Successfully registered with server. Client ID: f37f9069-a5a4-4853-bf80-8a526f96abe6
2025-09-12 21:16:01,962 - led_client.network - INFO - Attempting to reconnect to server...
2025-09-12 21:16:01,965 - led_client.network - ERROR - Failed to reconnect: Client is not in a disconnected state
2025-09-12 21:16:01,968 - led_client.network - INFO - Connected to server
2025-09-12 21:16:01,970 - led_client.network - INFO - Started polling for server updates
2025-09-12 21:16:01,995 - led_client.network - ERROR - Failed to get client info: 404
2025-09-12 21:16:52,049 - led_client.network - INFO - Disconnected from server
2025-09-12 21:16:52,052 - led_client.network - INFO - Started polling for server updates
2025-09-12 21:16:53,038 - led_client.network - INFO - Attempting to reconnect to server...
2025-09-12 21:16:53,390 - led_client.network - INFO - Connected to server
2025-09-12 21:16:54,211 - led_client.network - ERROR - Connection error: Unable to connect
2025-09-12 21:16:54,216 - led_client.network - INFO - Started polling for server updates
2025-09-12 21:16:54,240 - led_client.network - ERROR - Failed to get client info: 404
2025-09-12 21:16:55,181 - led_client.network - ERROR - Failed to get client info: 404
2025-09-12 21:16:55,217 - led_client.network - INFO - Attempting to reconnect to server...
2025-09-12 21:16:55,218 - led_client.network - ERROR - Failed to reconnect: Client is not in a disconnected state
2025-09-12 21:16:56,220 - led_client.network - INFO - Attempting to reconnect to server...
2025-09-12 21:16:56,221 - led_client.network - ERROR - Failed to reconnect: Client is not in a disconnected state
2025-09-12 21:16:57,223 - led_client.network - INFO - Attempting to reconnect to server...
2025-09-12 21:16:57,224 - led_client.network - ERROR - Failed to reconnect: Client is not in a disconnected state
2025-09-12 21:16:58,226 - led_client.network - INFO - Attempting to reconnect to server...
2025-09-12 21:16:58,227 - led_client.network - ERROR - Failed to reconnect: Client is not in a disconnected state
2025-09-12 21:16:59,232 - led_client.network - INFO - Attempting to reconnect to server...
2025-09-12 21:16:59,233 - led_client.network - ERROR - Failed to reconnect: Client is not in a disconnected state
2025-09-12 21:17:00,011 - led_client - INFO - Received signal 2, shutting down...
2025-09-12 21:17:00,012 - led_client - INFO - Cleaning up resources...
2025-09-12 21:17:00,013 - led_client - INFO - Cleanup complete
2025-09-12 21:17:00,014 - led_client - INFO - Cleaning up resources...
2025-09-12 21:17:00,015 - led_client - INFO - Cleanup complete
2025-09-12 21:17:02,508 - led_client - INFO - Initializing LED Wall Client...
2025-09-12 21:17:02,513 - led_client.ui - INFO - Running on Raspberry Pi with X11, hotkeys not automatically configured
2025-09-12 21:17:02,516 - led_client - INFO - Starting LED Wall Client
2025-09-12 21:17:03,674 - led_client.network - INFO - Attempting to reconnect to server...
2025-09-12 21:17:03,676 - led_client.network - ERROR - Failed to reconnect: Client is not in a disconnected state
2025-09-12 21:17:03,679 - led_client.network - INFO - Connected to server
2025-09-12 21:17:03,682 - led_client.network - INFO - Started polling for server updates
2025-09-12 21:17:03,706 - led_client.network - ERROR - Failed to get client info: 404
2025-09-12 21:17:09,332 - led_client.network - INFO - Disconnected from server
2025-09-12 21:17:09,335 - led_client.network - INFO - Started polling for server updates
2025-09-12 21:17:09,696 - led_client.network - INFO - Attempting to reconnect to server...
2025-09-12 21:17:10,375 - led_client - INFO - Received signal 2, shutting down...
2025-09-12 21:17:10,377 - led_client - INFO - Cleaning up resources...
2025-09-12 21:17:10,377 - led_client - INFO - Cleanup complete
2025-09-12 21:17:10,378 - led_client - INFO - Cleaning up resources...
2025-09-12 21:17:10,379 - led_client - INFO - Cleanup complete
2025-09-12 21:17:10,548 - led_client - INFO - Received signal 2, shutting down...
2025-09-12 21:17:10,549 - led_client - INFO - Cleaning up resources...
2025-09-12 21:17:10,550 - led_client - INFO - Cleanup complete
2025-09-12 21:17:21,706 - led_client - INFO - Initializing LED Wall Client...
2025-09-12 21:17:22,453 - led_client.ui - INFO - Running on Raspberry Pi with X11, hotkeys not automatically configured
2025-09-12 21:17:22,455 - led_client - INFO - Starting LED Wall Client
2025-09-12 21:17:23,501 - led_client.network - INFO - Attempting to reconnect to server...
2025-09-12 21:17:23,503 - led_client.network - ERROR - Failed to reconnect: Client is not in a disconnected state
2025-09-12 21:17:23,512 - led_client.network - INFO - Started polling for server updates
2025-09-12 21:17:23,526 - led_client.network - INFO - Connected to server
2025-09-12 21:17:23,535 - led_client.network - ERROR - Failed to get client info: 404
2025-09-12 21:19:37,878 - led_client.network - INFO - Disconnected from server
2025-09-12 21:19:37,881 - led_client.network - INFO - Started polling for server updates
2025-09-12 21:19:37,904 - led_client - INFO - Received signal 2, shutting down...
2025-09-12 21:19:37,905 - led_client.network - ERROR - Failed to get client info: 404
2025-09-12 21:19:37,906 - led_client - INFO - Cleaning up resources...
2025-09-12 21:19:37,908 - led_client - INFO - Cleanup complete
2025-09-12 21:19:37,909 - led_client - INFO - Cleaning up resources...
2025-09-12 21:19:37,909 - led_client - INFO - Cleanup complete
2025-09-12 21:26:30,186 - led_client - INFO - Initializing LED Wall Client...
2025-09-12 21:26:30,191 - led_client.ui - INFO - Running on Raspberry Pi with X11, hotkeys not automatically configured
2025-09-12 21:26:30,194 - led_client - INFO - Starting LED Wall Client
2025-09-12 21:26:31,350 - led_client.network - INFO - Attempting to reconnect to server...
2025-09-12 21:26:31,356 - led_client.network - ERROR - Failed to reconnect: Client is not in a disconnected state
2025-09-12 21:26:31,365 - led_client.network - INFO - Started polling for server updates
2025-09-12 21:26:31,386 - led_client.network - ERROR - Failed to get client info: 404
2025-09-12 21:26:31,397 - led_client.network - INFO - Connected to server
2025-09-12 21:26:42,666 - led_client.network - INFO - Disconnected from server
2025-09-12 21:26:42,670 - led_client.network - INFO - Started polling for server updates
2025-09-12 21:26:42,678 - led_client - INFO - Received signal 2, shutting down...
2025-09-12 21:26:42,689 - led_client - INFO - Cleaning up resources...
2025-09-12 21:26:42,692 - led_client - INFO - Cleanup complete
2025-09-12 21:26:42,692 - led_client - INFO - Cleaning up resources...
2025-09-12 21:26:42,693 - led_client - INFO - Cleanup complete
2025-09-12 21:27:34,166 - led_client - INFO - Initializing LED Wall Client...
2025-09-12 21:27:34,171 - led_client.ui - INFO - Running on Raspberry Pi with X11, hotkeys not automatically configured
2025-09-12 21:27:34,173 - led_client - INFO - Starting LED Wall Client
2025-09-12 21:27:44,190 - led_client - INFO - Received signal 2, shutting down...
2025-09-12 21:27:44,191 - led_client - INFO - Cleaning up resources...
2025-09-12 21:27:44,192 - led_client - INFO - Cleanup complete
2025-09-12 21:28:17,718 - led_client - INFO - Initializing LED Wall Client...
2025-09-12 21:28:17,723 - led_client.ui - INFO - Running on Raspberry Pi with X11, hotkeys not automatically configured
2025-09-12 21:28:17,725 - led_client - INFO - Starting LED Wall Client
2025-09-12 21:28:17,772 - led_client.network - INFO - Successfully registered with server. Client ID: b4358e12-6977-4ece-bae0-29165fee4440
2025-09-12 21:28:18,938 - led_client.network - INFO - Attempting to reconnect to server...
2025-09-12 21:28:18,940 - led_client.network - ERROR - Failed to reconnect: Client is not in a disconnected state
2025-09-12 21:28:18,943 - led_client.network - INFO - Connected to server
2025-09-12 21:28:18,951 - led_client.network - INFO - Started polling for server updates
2025-09-12 21:29:45,659 - led_client.network - INFO - Disconnected from server
2025-09-12 21:29:45,667 - led_client.network - INFO - Started polling for server updates
2025-09-12 21:29:46,056 - led_client.network - INFO - Attempting to reconnect to server...
2025-09-12 21:29:51,078 - led_client.network - ERROR - Connection error: Connection refused by the server
2025-09-12 21:29:51,079 - led_client.network - ERROR - Failed to reconnect: Connection refused by the server
2025-09-12 21:29:52,084 - led_client.network - INFO - Attempting to reconnect to server...
2025-09-12 21:29:52,134 - led_client.network - ERROR - Connection error: Connection refused by the server
2025-09-12 21:29:57,106 - led_client.network - ERROR - Connection error: Connection refused by the server
2025-09-12 21:29:57,107 - led_client.network - ERROR - Failed to reconnect: Connection refused by the server
2025-09-12 21:29:58,109 - led_client.network - INFO - Attempting to reconnect to server...
2025-09-12 21:29:59,234 - led_client.network - ERROR - Connection error: Connection refused by the server
2025-09-12 21:29:59,247 - led_client.network - INFO - Connected to server
2025-09-12 21:30:23,400 - led_client.network - INFO - Disconnected from server
2025-09-12 21:30:23,404 - led_client.network - INFO - Started polling for server updates
2025-09-12 21:30:23,417 - led_client - INFO - Received signal 2, shutting down...
2025-09-12 21:30:23,422 - led_client - INFO - Cleaning up resources...
2025-09-12 21:30:23,423 - led_client - INFO - Cleanup complete
2025-09-12 21:30:23,428 - led_client - INFO - Cleaning up resources...
2025-09-12 21:30:23,430 - led_client - INFO - Cleanup complete
2025-09-12 21:30:27,762 - led_client - INFO - Received signal 2, shutting down...
2025-09-12 21:30:27,763 - led_client - INFO - Cleaning up resources...
2025-09-12 21:30:27,763 - led_client - INFO - Cleanup complete
2025-09-12 21:30:37,882 - led_client - INFO - Initializing LED Wall Client...
2025-09-12 21:30:37,888 - led_client.ui - INFO - Running on Raspberry Pi with X11, hotkeys not automatically configured
2025-09-12 21:30:37,890 - led_client - INFO - Starting LED Wall Client
2025-09-12 21:30:39,097 - led_client.network - INFO - Attempting to reconnect to server...
2025-09-12 21:30:39,099 - led_client.network - ERROR - Failed to reconnect: Client is not in a disconnected state
2025-09-12 21:30:39,107 - led_client.network - INFO - Started polling for server updates
2025-09-12 21:30:39,157 - led_client.network - INFO - Connected to server
2025-09-12 21:35:00,065 - led_client.network - INFO - Disconnected from server
2025-09-12 21:35:00,074 - led_client.network - INFO - Started polling for server updates
2025-09-12 21:35:00,395 - led_client.network - INFO - Attempting to reconnect to server...
2025-09-12 21:35:05,415 - led_client.network - ERROR - Connection error: Connection refused by the server
2025-09-12 21:35:05,416 - led_client.network - ERROR - Failed to reconnect: Connection refused by the server
2025-09-12 21:35:05,658 - led_client.network - ERROR - Connection error: Connection refused by the server
2025-09-12 21:35:06,418 - led_client.network - INFO - Attempting to reconnect to server...
2025-09-12 21:35:09,598 - led_client.network - INFO - Connected to server
2025-09-12 21:35:10,898 - led_client.network - ERROR - Connection error: Unable to connect
2025-09-12 21:35:10,903 - led_client.network - INFO - Started polling for server updates
2025-09-12 21:35:11,598 - led_client.network - INFO - Attempting to reconnect to server...
2025-09-12 21:35:11,599 - led_client.network - ERROR - Failed to reconnect: Client is not in a disconnected state
2025-09-12 21:35:12,601 - led_client.network - INFO - Attempting to reconnect to server...
2025-09-12 21:35:12,602 - led_client.network - ERROR - Failed to reconnect: Client is not in a disconnected state
2025-09-12 21:35:13,604 - led_client.network - INFO - Attempting to reconnect to server...
2025-09-12 21:35:13,605 - led_client.network - ERROR - Failed to reconnect: Client is not in a disconnected state
2025-09-12 21:35:14,607 - led_client.network - INFO - Attempting to reconnect to server...
2025-09-12 21:35:14,608 - led_client.network - ERROR - Failed to reconnect: Client is not in a disconnected state
2025-09-12 21:35:15,610 - led_client.network - INFO - Attempting to reconnect to server...
2025-09-12 21:35:15,611 - led_client.network - ERROR - Failed to reconnect: Client is not in a disconnected state
2025-09-12 21:35:16,617 - led_client.network - INFO - Attempting to reconnect to server...
2025-09-12 21:35:16,618 - led_client.network - ERROR - Failed to reconnect: Client is not in a disconnected state
2025-09-12 21:35:17,620 - led_client.network - INFO - Attempting to reconnect to server...
2025-09-12 21:35:17,621 - led_client.network - ERROR - Failed to reconnect: Client is not in a disconnected state
2025-09-12 21:35:18,616 - led_client - INFO - Received signal 2, shutting down...
2025-09-12 21:35:18,617 - led_client - INFO - Cleaning up resources...
2025-09-12 21:35:18,618 - led_client - INFO - Cleanup complete
2025-09-12 21:35:18,619 - led_client - INFO - Cleaning up resources...
2025-09-12 21:35:18,619 - led_client - INFO - Cleanup complete
2025-09-12 21:35:21,368 - led_client - INFO - Initializing LED Wall Client...
2025-09-12 21:35:21,379 - led_client.ui - INFO - Running on Raspberry Pi with X11, hotkeys not automatically configured
2025-09-12 21:35:21,383 - led_client - INFO - Starting LED Wall Client
2025-09-12 21:35:22,536 - led_client.network - INFO - Attempting to reconnect to server...
2025-09-12 21:35:22,539 - led_client.network - ERROR - Failed to reconnect: Client is not in a disconnected state
2025-09-12 21:35:22,540 - led_client.network - INFO - Connected to server
2025-09-12 21:35:22,545 - led_client.network - INFO - Started polling for server updates
2025-09-12 21:39:21,827 - led_client.network - INFO - Disconnected from server
2025-09-12 21:39:21,830 - led_client.network - INFO - Started polling for server updates
2025-09-12 21:39:22,804 - led_client.network - INFO - Attempting to reconnect to server...
2025-09-13 11:35:17,148 - led_client - INFO - Initializing LED Wall Client...
2025-09-13 11:35:17,153 - led_client.ui - INFO - Running on Raspberry Pi with X11, hotkeys not automatically configured
2025-09-13 11:35:17,155 - led_client - INFO - Starting LED Wall Client
2025-09-13 11:35:18,723 - led_client.network - INFO - Attempting to reconnect to server...
2025-09-13 11:35:18,727 - led_client.network - ERROR - Failed to reconnect: Client is not in a disconnected state
2025-09-13 11:35:18,727 - led_client.network - INFO - Connected to server
2025-09-13 11:35:18,747 - led_client.network - INFO - Started polling for server updates
2025-09-13 11:35:18,753 - led_client.network - INFO - Socket registration successful: {'client_id': 'b4358e12-6977-4ece-bae0-29165fee4440'}
2025-09-13 11:35:53,451 - led_client.network - INFO - New content assigned via WebSocket: 5bd12dd8-8656-41e7-b447-d5d1811ee1e7
2025-09-13 11:35:53,476 - led_client.network - INFO - Downloading content: moon
2025-09-13 11:35:53,613 - led_client.network - INFO - Downloaded content to downloads/moon.mp4
2025-09-13 11:35:53,615 - led_client - INFO - Content update received: 5bd12dd8-8656-41e7-b447-d5d1811ee1e7
2025-09-13 11:35:53,617 - led_client.player - INFO - Starting player with command: ffplay -x 180 -y 180 -alwaysontop -noborder -loop 0 -window_title LEDWallPlayer -left 0 -top 0 -vf scale=180:180:force_original_aspect_ratio=disable downloads/moon.mp4
2025-09-13 11:36:58,269 - led_client.network - INFO - Disconnected from server
2025-09-13 11:36:58,274 - led_client.network - INFO - Started polling for server updates
2025-09-13 11:36:58,282 - led_client - INFO - Received signal 2, shutting down...
2025-09-13 11:36:58,293 - led_client - INFO - Cleaning up resources...
2025-09-13 11:36:58,296 - led_client.player - INFO - Stopping current player...
2025-09-13 11:36:58,303 - led_client.network - INFO - New content detected via polling: 5bd12dd8-8656-41e7-b447-d5d1811ee1e7
2025-09-13 11:36:58,341 - led_client.network - INFO - Content file already exists: downloads/moon.mp4
2025-09-13 11:36:58,342 - led_client - INFO - Content update received: 5bd12dd8-8656-41e7-b447-d5d1811ee1e7
2025-09-13 11:36:58,343 - led_client - INFO - Already playing content 5bd12dd8-8656-41e7-b447-d5d1811ee1e7
2025-09-13 11:36:58,481 - led_client - INFO - Cleanup complete
2025-09-13 11:36:58,482 - led_client - INFO - Cleaning up resources...
2025-09-13 11:36:58,483 - led_client - INFO - Cleanup complete
